  Building Custom Rule C:/Users/clebo/Documents/OpenGLProject/Download/glfw-3.4/src/CMakeLists.txt
  context.c
  init.c
  input.c
  monitor.c
  platform.c
  vulkan.c
  window.c
  egl_context.c
  osmesa_context.c
  null_init.c
  null_monitor.c
  null_window.c
  null_joystick.c
  win32_module.c
  win32_time.c
  win32_thread.c
  win32_init.c
  win32_joystick.c
  win32_monitor.c
  win32_window.c
  Génération de code en cours...
  Compilation en cours...
  wgl_context.c
  Génération de code en cours...
     Création de la bibliothèque C:/Users/clebo/Documents/OpenGLProject/Download/glfw-3.4/build/src/Release/glfw3dll.lib et de l'objet C:/Users/clebo/Documents/OpenGLProject/Download/glfw-3.4/build/src/Release/glfw3dll.exp
  glfw.vcxproj -> C:\Users\clebo\Documents\OpenGLProject\Download\glfw-3.4\build\src\Release\glfw3.dll
